<?xml version="1.0" encoding="UTF-8"?>
<!-- Generated by org.testng.reporters.JUnitXMLReporter -->
<testsuite ignored="1" hostname="DESKTOP-ESALR7Q" failures="0" tests="3" name="Test" time="56.61" errors="0" timestamp="12 Mar 2024 09:53:27 GMT">
  <testcase classname="PackageBikes.Ducati" name="ducati" time="30.69"/>
  <testcase classname="PackageBikes.KTMBikes" name="ktm" time="7.288"/>
  <testcase classname="PackageBikes.Honda" name="honda" time="18.606"/>
  <testcase classname="PackageBikes.royalenfield" name="royalEnfield" time="0.0">
    <ignored/>
  </testcase> <!-- royalEnfield -->
</testsuite> <!-- Test -->
