<?xml version="1.0" encoding="UTF-8"?>
<testng-results ignored="0" total="1" passed="1" failed="0" skipped="0">
  <reporter-output>
    <line>
      <![CDATA[Database connection startes from here]]>
    </line>
    <line>
      <![CDATA[User is able to open the empty browser]]>
    </line>
    <line>
      <![CDATA[User is able to open demo web shop]]>
    </line>
    <line>
      <![CDATA[User is able to land on demo web shop home page]]>
    </line>
    <line>
      <![CDATA[User is able to close the demo web shop]]>
    </line>
    <line>
      <![CDATA[Database connection stops here]]>
    </line>
  </reporter-output>
  <suite started-at="2024-03-27T10:34:34Z" name="Default suite" finished-at="2024-03-27T10:35:40Z" duration-ms="66167">
    <groups>
    </groups>
    <test started-at="2024-03-27T10:34:34Z" name="Default test" finished-at="2024-03-27T10:35:40Z" duration-ms="66167">
      <class name="POM.TC_Login_003">
        <test-method is-config="true" signature="beforeSuite()[pri:0, instance:POM.TC_Login_003@600b9d27]" started-at="2024-03-27T16:04:33Z" name="beforeSuite" finished-at="2024-03-27T16:04:34Z" duration-ms="21" status="PASS">
          <reporter-output>
            <line>
              <![CDATA[Database connection startes from here]]>
            </line>
          </reporter-output>
        </test-method> <!-- beforeSuite -->
        <test-method is-config="true" signature="browserSetUp()[pri:0, instance:POM.TC_Login_003@600b9d27]" started-at="2024-03-27T16:04:34Z" name="browserSetUp" finished-at="2024-03-27T16:05:14Z" duration-ms="40092" status="PASS">
          <reporter-output>
            <line>
              <![CDATA[User is able to open the empty browser]]>
            </line>
            <line>
              <![CDATA[User is able to open demo web shop]]>
            </line>
            <line>
              <![CDATA[User is able to land on demo web shop home page]]>
            </line>
          </reporter-output>
        </test-method> <!-- browserSetUp -->
        <test-method signature="login()[pri:0, instance:POM.TC_Login_003@600b9d27]" started-at="2024-03-27T16:05:14Z" name="login" finished-at="2024-03-27T16:05:39Z" duration-ms="25478" status="PASS">
          <reporter-output>
          </reporter-output>
        </test-method> <!-- login -->
        <test-method is-config="true" signature="browserQuit()[pri:0, instance:POM.TC_Login_003@600b9d27]" started-at="2024-03-27T16:05:39Z" name="browserQuit" finished-at="2024-03-27T16:05:40Z" duration-ms="516" status="PASS">
          <reporter-output>
            <line>
              <![CDATA[User is able to close the demo web shop]]>
            </line>
          </reporter-output>
        </test-method> <!-- browserQuit -->
        <test-method is-config="true" signature="afterSuite()[pri:0, instance:POM.TC_Login_003@600b9d27]" started-at="2024-03-27T16:05:40Z" name="afterSuite" finished-at="2024-03-27T16:05:40Z" duration-ms="0" status="PASS">
          <reporter-output>
            <line>
              <![CDATA[Database connection stops here]]>
            </line>
          </reporter-output>
        </test-method> <!-- afterSuite -->
      </class> <!-- POM.TC_Login_003 -->
    </test> <!-- Default test -->
  </suite> <!-- Default suite -->
</testng-results>
