<?xml version="1.0" encoding="UTF-8"?>
<testng-results ignored="0" total="1" passed="0" failed="1" skipped="0">
  <reporter-output>
    <line>
      <![CDATA[Database connection startes from here]]>
    </line>
    <line>
      <![CDATA[User is able to open the empty browser]]>
    </line>
    <line>
      <![CDATA[User is able to open demo web shop]]>
    </line>
    <line>
      <![CDATA[User is able to land on demo web shop home page]]>
    </line>
    <line>
      <![CDATA[User is able to open the giftcards page]]>
    </line>
    <line>
      <![CDATA[User is able to open the giftcards page]]>
    </line>
    <line>
      <![CDATA[User is able to close the demo web shop]]>
    </line>
    <line>
      <![CDATA[Database connection stops here]]>
    </line>
  </reporter-output>
  <suite started-at="2024-03-28T22:16:15 IST" name="Default suite" finished-at="2024-03-28T22:16:33 IST" duration-ms="17846">
    <groups>
    </groups>
    <test started-at="2024-03-28T22:16:15 IST" name="Default test" finished-at="2024-03-28T22:16:33 IST" duration-ms="17846">
      <class name="IT.TC_GiftCards_003">
        <test-method is-config="true" signature="beforeSuite()[pri:0, instance:IT.TC_GiftCards_003@1e683a3e]" started-at="2024-03-28T22:16:15 IST" name="beforeSuite" finished-at="2024-03-28T22:16:15 IST" duration-ms="12" status="PASS">
          <reporter-output>
            <line>
              <![CDATA[Database connection startes from here]]>
            </line>
          </reporter-output>
        </test-method> <!-- beforeSuite -->
        <test-method is-config="true" signature="browserSetUp()[pri:0, instance:IT.TC_GiftCards_003@1e683a3e]" started-at="2024-03-28T22:16:15 IST" name="browserSetUp" finished-at="2024-03-28T22:16:25 IST" duration-ms="9494" status="PASS">
          <reporter-output>
            <line>
              <![CDATA[User is able to open the empty browser]]>
            </line>
            <line>
              <![CDATA[User is able to open demo web shop]]>
            </line>
            <line>
              <![CDATA[User is able to land on demo web shop home page]]>
            </line>
          </reporter-output>
        </test-method> <!-- browserSetUp -->
        <test-method signature="giftCards()[pri:0, instance:IT.TC_GiftCards_003@1e683a3e]" started-at="2024-03-28T22:16:25 IST" name="giftCards" finished-at="2024-03-28T22:16:33 IST" duration-ms="8294" status="FAIL">
          <exception class="org.openqa.selenium.NoSuchWindowException">
            <message>
              <![CDATA[no such window: target window already closed
from unknown error: web view not found
  (Session info: chrome=123.0.6312.59)
Build info: version: '4.16.1', revision: '9b4c83354e'
System info: os.name: 'Windows 10', os.arch: 'amd64', os.version: '10.0', java.version: '17.0.9'
Driver info: org.openqa.selenium.chrome.ChromeDriver
Command: [929962a80487f75e5485802cd4b81897, findElement {using=id, value=giftcard_1_RecipientName}]
Capabilities {acceptInsecureCerts: false, browserName: chrome, browserVersion: 123.0.6312.59, chrome: {chromedriverVersion: 123.0.6312.86 (9b72c47a0536..., userDataDir: C:\Users\dell\AppData\Local...}, fedcm:accounts: true, goog:chromeOptions: {debuggerAddress: localhost:60585}, networkConnectionEnabled: false, pageLoadStrategy: normal, platformName: windows, proxy: Proxy(), se:cdp: ws://localhost:60585/devtoo..., se:cdpVersion: 123.0.6312.59, setWindowRect: true, strictFileInteractability: false, timeouts: {implicit: 0, pageLoad: 300000, script: 30000}, unhandledPromptBehavior: dismiss and notify, webauthn:extension:credBlob: true, webauthn:extension:largeBlob: true, webauthn:extension:minPinLength: true, webauthn:extension:prf: true, webauthn:virtualAuthenticators: true}
Session ID: 929962a80487f75e5485802cd4b81897]]>
            </message>
            <full-stacktrace>
              <![CDATA[org.openqa.selenium.NoSuchWindowException: no such window: target window already closed
from unknown error: web view not found
  (Session info: chrome=123.0.6312.59)
Build info: version: '4.16.1', revision: '9b4c83354e'
System info: os.name: 'Windows 10', os.arch: 'amd64', os.version: '10.0', java.version: '17.0.9'
Driver info: org.openqa.selenium.chrome.ChromeDriver
Command: [929962a80487f75e5485802cd4b81897, findElement {using=id, value=giftcard_1_RecipientName}]
Capabilities {acceptInsecureCerts: false, browserName: chrome, browserVersion: 123.0.6312.59, chrome: {chromedriverVersion: 123.0.6312.86 (9b72c47a0536..., userDataDir: C:\Users\dell\AppData\Local...}, fedcm:accounts: true, goog:chromeOptions: {debuggerAddress: localhost:60585}, networkConnectionEnabled: false, pageLoadStrategy: normal, platformName: windows, proxy: Proxy(), se:cdp: ws://localhost:60585/devtoo..., se:cdpVersion: 123.0.6312.59, setWindowRect: true, strictFileInteractability: false, timeouts: {implicit: 0, pageLoad: 300000, script: 30000}, unhandledPromptBehavior: dismiss and notify, webauthn:extension:credBlob: true, webauthn:extension:largeBlob: true, webauthn:extension:minPinLength: true, webauthn:extension:prf: true, webauthn:virtualAuthenticators: true}
Session ID: 929962a80487f75e5485802cd4b81897
at java.base/jdk.internal.reflect.NativeConstructorAccessorImpl.newInstance0(Native Method)
at java.base/jdk.internal.reflect.NativeConstructorAccessorImpl.newInstance(NativeConstructorAccessorImpl.java:77)
at java.base/jdk.internal.reflect.DelegatingConstructorAccessorImpl.newInstance(DelegatingConstructorAccessorImpl.java:45)
at java.base/java.lang.reflect.Constructor.newInstanceWithCaller(Constructor.java:499)
at java.base/java.lang.reflect.Constructor.newInstance(Constructor.java:480)
at org.openqa.selenium.remote.codec.w3c.W3CHttpResponseCodec.createException(W3CHttpResponseCodec.java:200)
at org.openqa.selenium.remote.codec.w3c.W3CHttpResponseCodec.decode(W3CHttpResponseCodec.java:133)
at org.openqa.selenium.remote.codec.w3c.W3CHttpResponseCodec.decode(W3CHttpResponseCodec.java:52)
at org.openqa.selenium.remote.HttpCommandExecutor.execute(HttpCommandExecutor.java:191)
at org.openqa.selenium.remote.service.DriverCommandExecutor.invokeExecute(DriverCommandExecutor.java:200)
at org.openqa.selenium.remote.service.DriverCommandExecutor.execute(DriverCommandExecutor.java:175)
at org.openqa.selenium.remote.RemoteWebDriver.execute(RemoteWebDriver.java:523)
at org.openqa.selenium.remote.ElementLocation$ElementFinder$2.findElement(ElementLocation.java:165)
at org.openqa.selenium.remote.ElementLocation.findElement(ElementLocation.java:66)
at org.openqa.selenium.remote.RemoteWebDriver.findElement(RemoteWebDriver.java:360)
at org.openqa.selenium.remote.RemoteWebDriver.findElement(RemoteWebDriver.java:354)
at org.openqa.selenium.support.pagefactory.DefaultElementLocator.findElement(DefaultElementLocator.java:68)
at org.openqa.selenium.support.pagefactory.internal.LocatingElementHandler.invoke(LocatingElementHandler.java:38)
at jdk.proxy2/jdk.proxy2.$Proxy15.sendKeys(Unknown Source)
at IT.TC_GiftCards_003.giftCards(TC_GiftCards_003.java:40)
at java.base/jdk.internal.reflect.NativeMethodAccessorImpl.invoke0(Native Method)
at java.base/jdk.internal.reflect.NativeMethodAccessorImpl.invoke(NativeMethodAccessorImpl.java:77)
at java.base/jdk.internal.reflect.DelegatingMethodAccessorImpl.invoke(DelegatingMethodAccessorImpl.java:43)
at java.base/java.lang.reflect.Method.invoke(Method.java:568)
at org.testng.internal.MethodInvocationHelper.invokeMethod(MethodInvocationHelper.java:132)
at org.testng.internal.TestInvoker.invokeMethod(TestInvoker.java:599)
at org.testng.internal.TestInvoker.invokeTestMethod(TestInvoker.java:174)
at org.testng.internal.MethodRunner.runInSequence(MethodRunner.java:46)
at org.testng.internal.TestInvoker$MethodInvocationAgent.invoke(TestInvoker.java:822)
at org.testng.internal.TestInvoker.invokeTestMethods(TestInvoker.java:147)
at org.testng.internal.TestMethodWorker.invokeTestMethods(TestMethodWorker.java:146)
at org.testng.internal.TestMethodWorker.run(TestMethodWorker.java:128)
at java.base/java.util.ArrayList.forEach(ArrayList.java:1511)
at org.testng.TestRunner.privateRun(TestRunner.java:764)
at org.testng.TestRunner.run(TestRunner.java:585)
at org.testng.SuiteRunner.runTest(SuiteRunner.java:384)
at org.testng.SuiteRunner.runSequentially(SuiteRunner.java:378)
at org.testng.SuiteRunner.privateRun(SuiteRunner.java:337)
at org.testng.SuiteRunner.run(SuiteRunner.java:286)
at org.testng.SuiteRunnerWorker.runSuite(SuiteRunnerWorker.java:53)
at org.testng.SuiteRunnerWorker.run(SuiteRunnerWorker.java:96)
at org.testng.TestNG.runSuitesSequentially(TestNG.java:1218)
at org.testng.TestNG.runSuitesLocally(TestNG.java:1140)
at org.testng.TestNG.runSuites(TestNG.java:1069)
at org.testng.TestNG.run(TestNG.java:1037)
at org.testng.remote.AbstractRemoteTestNG.run(AbstractRemoteTestNG.java:115)
at org.testng.remote.RemoteTestNG.initAndRun(RemoteTestNG.java:251)
at org.testng.remote.RemoteTestNG.main(RemoteTestNG.java:77)
]]>
            </full-stacktrace>
          </exception> <!-- org.openqa.selenium.NoSuchWindowException -->
          <reporter-output>
            <line>
              <![CDATA[User is able to open the giftcards page]]>
            </line>
            <line>
              <![CDATA[User is able to open the giftcards page]]>
            </line>
          </reporter-output>
        </test-method> <!-- giftCards -->
        <test-method is-config="true" signature="browserQuit()[pri:0, instance:IT.TC_GiftCards_003@1e683a3e]" started-at="2024-03-28T22:16:33 IST" name="browserQuit" finished-at="2024-03-28T22:16:33 IST" duration-ms="1" status="PASS">
          <reporter-output>
            <line>
              <![CDATA[User is able to close the demo web shop]]>
            </line>
          </reporter-output>
        </test-method> <!-- browserQuit -->
        <test-method is-config="true" signature="afterSuite()[pri:0, instance:IT.TC_GiftCards_003@1e683a3e]" started-at="2024-03-28T22:16:33 IST" name="afterSuite" finished-at="2024-03-28T22:16:33 IST" duration-ms="0" status="PASS">
          <reporter-output>
            <line>
              <![CDATA[Database connection stops here]]>
            </line>
          </reporter-output>
        </test-method> <!-- afterSuite -->
      </class> <!-- IT.TC_GiftCards_003 -->
    </test> <!-- Default test -->
  </suite> <!-- Default suite -->
</testng-results>
